This is pdfTeX, Version 3.1415926-1.40.9 (MiKTeX 2.7) (preloaded format=pdflatex 2009.7.6)  6 JUL 2009 11:56
entering extended mode
**C:/Users/nur/Desktop/Elog_Doc/Thesis/MSUexamplethesis/examplethesis.tex
(C:/Users/nur/Desktop/Elog_Doc/Thesis/MSUexamplethesis/examplethesis.tex
LaTeX2e <2005/12/01>
Babel <v3.8l> and hyphenation patterns for english, dumylang, nohyphenation, ge
rman, ngerman, german-x-2008-06-18, ngerman-x-2008-06-18, french, loaded.
(msuthesis.cls
Document Class: msuthesis 2007/05/17 MSU thesis class
("C:\Program Files\MiKTeX 2.7\tex\latex\base\book.cls"
Document Class: book 2005/09/16 v1.4f Standard LaTeX document class
("C:\Program Files\MiKTeX 2.7\tex\latex\base\bk12.clo"
File: bk12.clo 2005/09/16 v1.4f Standard LaTeX file (size option)
)
\c@part=\count79
\c@chapter=\count80
\c@section=\count81
\c@subsection=\count82
\c@subsubsection=\count83
\c@paragraph=\count84
\c@subparagraph=\count85
\c@figure=\count86
\c@table=\count87
\abovecaptionskip=\skip41
\belowcaptionskip=\skip42
\bibindent=\dimen102
)
("C:\Program Files\MiKTeX 2.7\tex\latex\base\ifthen.sty"
Package: ifthen 2001/05/26 v1.1c Standard LaTeX ifthen package (DPC)
)
("C:\Program Files\MiKTeX 2.7\tex\latex\tools\theorem.sty"
Package: theorem 1995/11/23 v2.2c Theorem extension package (FMi)
\theorem@style=\toks14
\theorem@bodyfont=\toks15
\theorempreskipamount=\skip43
\theorempostskipamount=\skip44

("C:\Program Files\MiKTeX 2.7\tex\latex\tools\thp.sty"
File: thp.sty 1995/11/23 v2.2c Theorem extension package (FMi)
))
("C:\Program Files\MiKTeX 2.7\tex\latex\graphics\graphicx.sty"
Package: graphicx 1999/02/16 v1.0f Enhanced LaTeX Graphics (DPC,SPQR)

("C:\Program Files\MiKTeX 2.7\tex\latex\graphics\keyval.sty"
Package: keyval 1999/03/16 v1.13 key=value parser (DPC)
\KV@toks@=\toks16
)
("C:\Program Files\MiKTeX 2.7\tex\latex\graphics\graphics.sty"
Package: graphics 2006/02/20 v1.0o Standard LaTeX Graphics (DPC,SPQR)

("C:\Program Files\MiKTeX 2.7\tex\latex\graphics\trig.sty"
Package: trig 1999/03/16 v1.09 sin cos tan (DPC)
)
("C:\Program Files\MiKTeX 2.7\tex\latex\00miktex\graphics.cfg"
File: graphics.cfg 2007/01/18 v1.5 graphics configuration of teTeX/TeXLive
)
Package graphics Info: Driver file: dvips.def on input line 90.

("C:\Program Files\MiKTeX 2.7\tex\latex\graphics\dvips.def"
File: dvips.def 1999/02/16 v3.0i Driver-dependant file (DPC,SPQR)
))
\Gin@req@height=\dimen103
\Gin@req@width=\dimen104
)
("C:\Program Files\MiKTeX 2.7\tex\latex\tools\xspace.sty"
Package: xspace 2006/05/08 v1.12 Space after command names (DPC,MH)
)
\figwidth=\skip45
\tabwidth=\skip46
\tmplen=\skip47
\titletopspace=\skip48
\sigwidth=\skip49
\sigheight=\skip50
\sigtitletoauthor=\skip51
\sigauthortoapproved=\skip52
\tocspace=\skip53
\maxchapwidth=\skip54
\maxsectwidth=\skip55
\maxsubsectwidth=\skip56
\maxsubsubsectwidth=\skip57
\maxtabnowidth=\skip58
\maxfignowidth=\skip59
\tocchapindent=\skip60
\tocsectindent=\skip61
\tocsubsectindent=\skip62
\tocsubsubsectindent=\skip63
\tocparaindent=\skip64
\tocsubparaindent=\skip65
\tocchaptitleindent=\skip66
\tocsecttitleindent=\skip67
\tocsubsecttitleindent=\skip68
\tocsubsubsecttitleindent=\skip69
\tocparatitleindent=\skip70
\tocsubparatitleindent=\skip71

("C:\Program Files\MiKTeX 2.7\tex\latex\tools\thb.sty"
File: thb.sty 1995/11/23 v2.2c Theorem extension package (FMi)
)
\c@thm=\count88
\c@lem=\count89
\c@cor=\count90
\c@defn=\count91
\c@case=\count92
)
("C:\Program Files\MiKTeX 2.7\tex\latex\psnfss\times.sty"
Package: times 2005/04/12 PSNFSS-v9.2a (SPQR) 
)
LaTeX Font Info:    Try loading font information for OT1+ptm on input line 8.

("C:\Program Files\MiKTeX 2.7\tex\latex\psnfss\ot1ptm.fd"
File: ot1ptm.fd 2001/06/04 font definitions for OT1/ptm.
) (examplethesis.aux)
LaTeX Font Info:    Checking defaults for OML/cmm/m/it on input line 49.
LaTeX Font Info:    ... okay on input line 49.
LaTeX Font Info:    Checking defaults for T1/cmr/m/n on input line 49.
LaTeX Font Info:    ... okay on input line 49.
LaTeX Font Info:    Checking defaults for OT1/cmr/m/n on input line 49.
LaTeX Font Info:    ... okay on input line 49.
LaTeX Font Info:    Checking defaults for OMS/cmsy/m/n on input line 49.
LaTeX Font Info:    ... okay on input line 49.
LaTeX Font Info:    Checking defaults for OMX/cmex/m/n on input line 49.
LaTeX Font Info:    ... okay on input line 49.
LaTeX Font Info:    Checking defaults for U/cmr/m/n on input line 49.
LaTeX Font Info:    ... okay on input line 49.

[1



{C:/ProgramData/MiKTeX/2.7/pdftex/config/pdftex.map}] [1

] [1

] (exabstract.tex
LaTeX Font Info:    External font `cmex10' loaded for size
(Font)              <12> on input line 3.
LaTeX Font Info:    External font `cmex10' loaded for size
(Font)              <8> on input line 3.
LaTeX Font Info:    External font `cmex10' loaded for size
(Font)              <6> on input line 3.
) [2

] [2

] (exack.tex
LaTeX Font Info:    Try loading font information for OMS+ptm on input line 20.
 ("C:\Program Files\MiKTeX 2.7\tex\latex\psnfss\omsptm.fd"
File: omsptm.fd 
)
LaTeX Font Info:    Font shape `OMS/ptm/m/n' in size <8> not available
(Font)              Font shape `OMS/cmsy/m/n' tried instead on input line 20.
LaTeX Font Info:    External font `cmex10' loaded for size
(Font)              <5> on input line 20.
) [3

] (examplethesis.toc [4

] [5])
\tf@toc=\write3
 [6] (examplethesis.lot)
\tf@lot=\write4
 [7

]
(examplethesis.lof)
\tf@lof=\write5
 [8

] (exlos.tex
LaTeX Font Info:    Try loading font information for OT1+pcr on input line 5.

("C:\Program Files\MiKTeX 2.7\tex\latex\psnfss\ot1pcr.fd"
File: ot1pcr.fd 2001/06/04 font definitions for OT1/pcr.
)
LaTeX Font Info:    Font shape `OT1/ptm/bx/n' in size <12> not available
(Font)              Font shape `OT1/ptm/b/n' tried instead on input line 9.
LaTeX Font Info:    Font shape `OT1/ptm/bx/sc' in size <12> not available
(Font)              Font shape `OT1/ptm/b/sc' tried instead on input line 11.
) [9

]
Chapter 1.
(exchapintroduction.tex

LaTeX Warning: Citation `SPTD07' on page 1 undefined on input line 15.

[1


]

LaTeX Warning: Citation `SPTD07' on page 2 undefined on input line 39.

LaTeX Font Info:    External font `cmex10' loaded for size
(Font)              <7> on input line 45.

LaTeX Warning: Citation `SPTD07' on page 2 undefined on input line 49.


LaTeX Warning: Citation `SPTD07' on page 2 undefined on input line 52.

LaTeX Font Info:    Font shape `OMS/ptm/m/n' in size <12> not available
(Font)              Font shape `OMS/cmsy/m/n' tried instead on input line 54.

LaTeX Warning: Citation `SPTD07' on page 2 undefined on input line 61.


LaTeX Warning: Citation `SPTD07' on page 2 undefined on input line 65.


LaTeX Warning: Citation `SPTD07' on page 2 undefined on input line 68.


LaTeX Warning: Citation `SPTD07' on page 2 undefined on input line 80.


LaTeX Warning: Citation `SPTD07' on page 2 undefined on input line 83.


LaTeX Warning: Citation `SPTD07' on page 2 undefined on input line 87.

[2]

LaTeX Warning: Citation `SPTD07' on page 3 undefined on input line 92.


LaTeX Warning: Citation `SPTD07' on page 3 undefined on input line 96.


LaTeX Warning: Citation `SPTD07' on page 3 undefined on input line 98.


LaTeX Warning: Citation `SPTD07' on page 3 undefined on input line 102.


LaTeX Warning: Citation `SPTD07' on page 3 undefined on input line 112.


LaTeX Warning: Citation `SPTD07' on page 3 undefined on input line 113.


LaTeX Warning: Citation `SPTD07' on page 3 undefined on input line 114.


LaTeX Warning: Citation `SPTD07' on page 3 undefined on input line 117.


LaTeX Warning: Citation `SPTD07' on page 3 undefined on input line 122.


LaTeX Warning: Citation `SPTD07' on page 3 undefined on input line 125.

[3]
LaTeX Font Info:    Font shape `OT1/ptm/bx/n' in size <8> not available
(Font)              Font shape `OT1/ptm/b/n' tried instead on input line 152.
 [4]) [5]
Chapter 2.
(exchapstart.tex [6

]
Underfull \hbox (badness 1728) in paragraph at lines 58--71
\OT1/ptm/m/n/12 ror mes-sages. You must check for er-ror mes-sages at each step
 by ex-am-in-ing
 []

[7] [8]) [9]
Chapter 3.
(exchaplatex.tex [10

] [11]
Overfull \hbox (0.69444pt too wide) in paragraph at lines 93--105
\OT1/ptm/m/n/12 ately fol-low the Sec-tion com-mand with-out a space or line br
eak, so that \OT1/pcr/m/n/12 msuthesis.cls
 []

[12] [13] [14]

LaTeX Warning: Citation `SPTD07' on page 15 undefined on input line 256.

[15] [16] [17] (prices.tex) (prices1.tex
LaTeX Font Info:    External font `cmex10' loaded for size
(Font)              <10.95> on input line 7.
) [18] [19
Non-PDF special ignored!
Non-PDF special ignored!]
Overfull \hbox (1.24771pt too wide) in paragraph at lines 445--451
\OT1/ptm/m/n/12 Use an or-di-nary []\OT1/pcr/m/n/12 \Table \OT1/ptm/m/n/12 com-
mand for the first page, and then use a []\OT1/pcr/m/n/12 \Tablecontinued
 []

(pricesfirst.tex) (pricesnext.tex) [20] [21] [22]
File: lion.eps Graphic file (type eps)
 <lion.eps>
File: temporary.eps Graphic file (type eps)
 <temporary.eps>
[23
Non-PDF special ignored!] [24] [25
Non-PDF special ignored!
Non-PDF special ignored!
Non-PDF special ignored!]) [26]
Chapter 4.
(exchapjournals.tex

LaTeX Warning: Citation `SPTD07' on page 27 undefined on input line 29.


LaTeX Warning: Citation `SPTD07' on page 27 undefined on input line 31.


LaTeX Warning: Citation `SPTD07' on page 27 undefined on input line 33.

[27

]

LaTeX Warning: Citation `Albrecht81:PPIFTE' on page 28 undefined on input line 
56.


LaTeX Warning: Citation `Weiser98:ICDE' on page 28 undefined on input line 58.


LaTeX Warning: Citation `SSS74:ACMCS' on page 28 undefined on input line 60.


LaTeX Warning: Citation `Arbib98' on page 28 undefined on input line 62.


LaTeX Warning: Citation `NS79' on page 28 undefined on input line 62.


LaTeX Warning: Citation `NS79:CDROM' on page 28 undefined on input line 64.


LaTeX Warning: Citation `Fagin87:PhD' on page 28 undefined on input line 66.


LaTeX Warning: Citation `Nichols85:MS' on page 28 undefined on input line 66.


LaTeX Warning: Citation `Burka00:MUD' on page 28 undefined on input line 68.


LaTeX Warning: Citation `Butler87:SDN' on page 28 undefined on input line 70.


LaTeX Warning: Citation `ZS84' on page 28 undefined on input line 73.


LaTeX Warning: Citation `Nakayama95:NE' on page 28 undefined on input line 74.


LaTeX Warning: Citation `IEEE15961992' on page 28 undefined on input line 84.


LaTeX Warning: Citation `BT60192' on page 28 undefined on input line 84.


LaTeX Warning: Citation `IST83misc' on page 28 undefined on input line 86.


LaTeX Warning: Citation `HH85:Cornell674' on page 28 undefined on input line 88
.


LaTeX Warning: Citation `Yarwood77:UToronto' on page 28 undefined on input line
 89.


LaTeX Warning: Citation `UnixID86' on page 28 undefined on input line 91.

[28] [29] [30] [31] [32] [33] [34]) [35]
Chapter 5.
(exchapsuggestions.tex [36

]

LaTeX Warning: Citation `EN92' on page 37 undefined on input line 79.


LaTeX Warning: Citation `SSS74:ACMCS' on page 37 undefined on input line 80.


LaTeX Warning: Citation `Weiser98:ICDE' on page 37 undefined on input line 81.


LaTeX Warning: Citation `SSS74:ACMCS' on page 37 undefined on input line 97.


LaTeX Warning: Citation `Weiser98:ICDE' on page 37 undefined on input line 97.


LaTeX Warning: Citation `EN92' on page 37 undefined on input line 99.

[37] [38]) [39]
Chapter 6.
(exfaq.tex [40

] [41] [42] [43]) [44]
Chapter 7.
(exchapconclusions.tex) [45

] (examplethesis.bbl [46


]) [47] [48

] (exappendix.tex) [49] (examplethesis.aux)

LaTeX Warning: There were undefined references.


LaTeX Warning: Label(s) may have changed. Rerun to get cross-references right.

 ) 
Here is how much of TeX's memory you used:
 1059 strings out of 95304
 12280 string characters out of 1183071
 73063 words of memory out of 1500000
 4205 multiletter control sequences out of 110000
 30854 words of font info for 59 fonts, out of 3000000 for 5000
 14 hyphenation exceptions out of 8191
 34i,17n,23p,359b,527s stack positions out of 5000i,500n,10000p,200000b,50000s
{C:/Program Files/MiKTeX 2.7/fonts/enc/dvips/fontname/8r.enc}<C:/Program File
s/MiKTeX 2.7/fonts/type1/bluesky/cm/cmmi12.pfb><C:/Program Files/MiKTeX 2.7/fon
ts/type1/bluesky/cm/cmmi8.pfb><C:/Program Files/MiKTeX 2.7/fonts/type1/bluesky/
cm/cmr12.pfb><C:/Program Files/MiKTeX 2.7/fonts/type1/bluesky/cm/cmr8.pfb><C:/P
rogram Files/MiKTeX 2.7/fonts/type1/bluesky/cm/cmsy10.pfb><C:/Program Files/MiK
TeX 2.7/fonts/type1/bluesky/cm/cmsy8.pfb><C:/Program Files/MiKTeX 2.7/fonts/typ
e1/urw/courier/ucrr8a.pfb><C:/Program Files/MiKTeX 2.7/fonts/type1/urw/times/ut
mb8a.pfb><C:/Program Files/MiKTeX 2.7/fonts/type1/urw/times/utmr8a.pfb><C:/Prog
ram Files/MiKTeX 2.7/fonts/type1/urw/times/utmri8a.pfb>
Output written on examplethesis.pdf (61 pages, 181325 bytes).
PDF statistics:
 240 PDF objects out of 1000 (max. 8388607)
 0 named destinations out of 1000 (max. 131072)
 1 words of extra memory for PDF output out of 10000 (max. 10000000)

